SF:lib\controllers\test1_controller.dart
DA:9,1
DA:10,2
DA:12,3
DA:15,3
DA:16,2
DA:17,6
DA:18,1
DA:21,3
DA:22,1
DA:23,1
DA:24,2
DA:29,0
DA:30,0
DA:33,1
DA:34,1
DA:35,2
DA:36,3
DA:40,1
DA:41,2
DA:42,1
DA:45,1
DA:46,2
DA:47,4
DA:48,1
DA:51,0
DA:53,0
DA:54,0
LF:27
LH:22
end_of_record
SF:lib\models\test1_model.dart
DA:10,0
DA:11,0
DA:14,0
DA:19,1
DA:20,3
LF:5
LH:2
end_of_record
SF:lib\widgets\breathing_animation_widget.dart
DA:8,0
DA:14,0
DA:16,0
DA:30,0
DA:32,0
DA:33,0
DA:34,0
DA:35,0
DA:36,0
DA:39,0
DA:40,0
DA:42,0
DA:43,0
DA:44,0
DA:47,0
DA:50,0
DA:52,0
DA:53,0
DA:55,0
DA:56,0
DA:57,0
DA:58,0
DA:59,0
DA:60,0
DA:61,0
DA:62,0
DA:67,0
DA:68,0
DA:69,0
DA:70,0
DA:73,0
DA:74,0
DA:75,0
DA:78,0
DA:79,0
DA:80,0
DA:81,0
DA:82,0
DA:84,0
DA:89,0
DA:90,0
DA:91,0
DA:92,0
DA:93,0
DA:94,0
DA:95,0
DA:97,0
DA:98,0
DA:99,0
DA:102,0
DA:104,0
DA:106,0
DA:107,0
DA:110,0
DA:112,0
DA:114,0
DA:115,0
DA:116,0
DA:117,0
DA:118,0
DA:119,0
DA:120,0
DA:123,0
DA:125,0
DA:132,0
DA:133,0
DA:137,0
LF:67
LH:0
end_of_record
SF:lib\controllers\test3_controller.dart
DA:10,0
DA:11,0
DA:14,1
DA:15,2
DA:17,1
DA:18,1
DA:20,1
DA:21,1
DA:22,3
DA:23,2
DA:27,1
DA:28,1
DA:29,2
DA:30,2
DA:31,2
DA:32,1
DA:35,0
DA:36,0
DA:39,1
DA:40,2
LF:20
LH:16
end_of_record
SF:lib\models\test3_model.dart
DA:9,0
DA:10,0
DA:13,0
DA:18,1
DA:19,3
LF:5
LH:2
end_of_record
SF:lib\controllers\test2_controller.dart
DA:9,0
DA:10,0
DA:13,1
DA:14,1
DA:16,1
DA:17,3
DA:18,3
DA:19,1
DA:24,1
DA:25,1
DA:26,2
DA:27,1
DA:28,4
DA:29,4
DA:32,1
DA:33,2
DA:34,1
DA:35,1
DA:36,2
DA:37,2
DA:38,1
DA:41,0
DA:43,0
DA:44,0
DA:47,0
DA:48,0
LF:26
LH:19
end_of_record
SF:lib\models\test2_model.dart
DA:9,0
DA:10,0
DA:13,0
DA:18,1
DA:19,3
LF:5
LH:2
end_of_record
